<?xml version="1.0" encoding="UTF-8"?>
<testng-results skipped="0" failed="0" ignored="0" total="10" passed="10">
  <reporter-output>
  </reporter-output>
  <suite name="Suite" duration-ms="8016" started-at="2022-10-02T07:49:01 IST" finished-at="2022-10-02T07:49:09 IST">
    <groups>
    </groups>
    <test name="Test" duration-ms="8016" started-at="2022-10-02T07:49:01 IST" finished-at="2022-10-02T07:49:09 IST">
      <class name="org.testing.testcase.TC6_PostRequestOnlineAPI">
        <test-method status="PASS" signature="TC6_PostReqOnlineAPI()[pri:0, instance:org.testing.testcase.TC6_PostRequestOnlineAPI@42f93a98]" name="TC6_PostReqOnlineAPI" duration-ms="1307" started-at="2022-10-02T07:49:03 IST" finished-at="2022-10-02T07:49:05 IST">
          <reporter-output>
          </reporter-output>
        </test-method> <!-- TC6_PostReqOnlineAPI -->
      </class> <!-- org.testing.testcase.TC6_PostRequestOnlineAPI -->
      <class name="org.testing.testcase.TC4_PutRequest">
        <test-method status="PASS" signature="TC4_UpdatePutRequest()[pri:0, instance:org.testing.testcase.TC4_PutRequest@2353b3e6]" name="TC4_UpdatePutRequest" duration-ms="63" started-at="2022-10-02T07:49:03 IST" finished-at="2022-10-02T07:49:03 IST">
          <reporter-output>
          </reporter-output>
        </test-method> <!-- TC4_UpdatePutRequest -->
      </class> <!-- org.testing.testcase.TC4_PutRequest -->
      <class name="org.testing.testcase.TC8_GetParticularRecordOnlineAPI">
        <test-method status="PASS" signature="TC8_GetParticularRecdOnlnAPI()[pri:0, instance:org.testing.testcase.TC8_GetParticularRecordOnlineAPI@3d921e20]" name="TC8_GetParticularRecdOnlnAPI" duration-ms="1181" started-at="2022-10-02T07:49:06 IST" finished-at="2022-10-02T07:49:07 IST">
          <reporter-output>
          </reporter-output>
        </test-method> <!-- TC8_GetParticularRecdOnlnAPI -->
      </class> <!-- org.testing.testcase.TC8_GetParticularRecordOnlineAPI -->
      <class name="org.testing.testcase.TC2_GetAllRecordsRequest">
        <test-method status="PASS" signature="TC2_GetAllRecordsMethod()[pri:0, instance:org.testing.testcase.TC2_GetAllRecordsRequest@51e2adc7]" name="TC2_GetAllRecordsMethod" duration-ms="87" started-at="2022-10-02T07:49:03 IST" finished-at="2022-10-02T07:49:03 IST">
          <reporter-output>
          </reporter-output>
        </test-method> <!-- TC2_GetAllRecordsMethod -->
      </class> <!-- org.testing.testcase.TC2_GetAllRecordsRequest -->
      <class name="org.testing.testcase.TC1_PostRequest">
        <test-method status="PASS" signature="TC1_PostRequestMethod()[pri:0, instance:org.testing.testcase.TC1_PostRequest@86be70a]" name="TC1_PostRequestMethod" duration-ms="1796" started-at="2022-10-02T07:49:01 IST" finished-at="2022-10-02T07:49:03 IST">
          <reporter-output>
          </reporter-output>
        </test-method> <!-- TC1_PostRequestMethod -->
      </class> <!-- org.testing.testcase.TC1_PostRequest -->
      <class name="org.testing.testcase.TC9_UpdateRecordOnlineAPI">
        <test-method status="PASS" signature="TC9_Updateparticular()[pri:0, instance:org.testing.testcase.TC9_UpdateRecordOnlineAPI@36b4cef0]" name="TC9_Updateparticular" duration-ms="1167" started-at="2022-10-02T07:49:07 IST" finished-at="2022-10-02T07:49:08 IST">
          <reporter-output>
          </reporter-output>
        </test-method> <!-- TC9_Updateparticular -->
      </class> <!-- org.testing.testcase.TC9_UpdateRecordOnlineAPI -->
      <class name="org.testing.testcase.TC5_DeleteRequest">
        <test-method status="PASS" signature="TC5_DeleteRecord()[pri:0, instance:org.testing.testcase.TC5_DeleteRequest@631330c]" name="TC5_DeleteRecord" duration-ms="60" started-at="2022-10-02T07:49:03 IST" finished-at="2022-10-02T07:49:03 IST">
          <reporter-output>
          </reporter-output>
        </test-method> <!-- TC5_DeleteRecord -->
      </class> <!-- org.testing.testcase.TC5_DeleteRequest -->
      <class name="org.testing.testcase.TC7_GetAllRecordsOnlineAPI">
        <test-method status="PASS" signature="TC7_AllRecords()[pri:0, instance:org.testing.testcase.TC7_GetAllRecordsOnlineAPI@c46bcd4]" name="TC7_AllRecords" duration-ms="1104" started-at="2022-10-02T07:49:05 IST" finished-at="2022-10-02T07:49:06 IST">
          <reporter-output>
          </reporter-output>
        </test-method> <!-- TC7_AllRecords -->
      </class> <!-- org.testing.testcase.TC7_GetAllRecordsOnlineAPI -->
      <class name="org.testing.testcase.TC3_GetSingleRecordRequest">
        <test-method status="PASS" signature="TC3_SingleRecord()[pri:0, instance:org.testing.testcase.TC3_GetSingleRecordRequest@1a8a8f7c]" name="TC3_SingleRecord" duration-ms="53" started-at="2022-10-02T07:49:03 IST" finished-at="2022-10-02T07:49:03 IST">
          <reporter-output>
          </reporter-output>
        </test-method> <!-- TC3_SingleRecord -->
      </class> <!-- org.testing.testcase.TC3_GetSingleRecordRequest -->
      <class name="org.testing.testcase.TC10_DeleteRequestOnlineAPI">
        <test-method status="PASS" signature="TC10_DeleteOnlineAPI()[pri:0, instance:org.testing.testcase.TC10_DeleteRequestOnlineAPI@fad74ee]" name="TC10_DeleteOnlineAPI" duration-ms="1126" started-at="2022-10-02T07:49:08 IST" finished-at="2022-10-02T07:49:09 IST">
          <reporter-output>
          </reporter-output>
        </test-method> <!-- TC10_DeleteOnlineAPI -->
      </class> <!-- org.testing.testcase.TC10_DeleteRequestOnlineAPI -->
    </test> <!-- Test -->
  </suite> <!-- Suite -->
</testng-results>
