<?xml version="1.0" encoding="UTF-8"?>
<!-- Generated by org.testng.reporters.JUnitXMLReporter -->
<testsuite hostname="TABLET-336T4SBR" ignored="0" name="Test" tests="10" failures="0" timestamp="2022-10-02T07:49:09 IST" time="8.016" errors="0">
  <testcase name="TC1_PostRequestMethod" time="1.796" classname="org.testing.testcase.TC1_PostRequest"/>
  <testcase name="TC2_GetAllRecordsMethod" time="0.087" classname="org.testing.testcase.TC2_GetAllRecordsRequest"/>
  <testcase name="TC3_SingleRecord" time="0.053" classname="org.testing.testcase.TC3_GetSingleRecordRequest"/>
  <testcase name="TC4_UpdatePutRequest" time="0.063" classname="org.testing.testcase.TC4_PutRequest"/>
  <testcase name="TC5_DeleteRecord" time="0.06" classname="org.testing.testcase.TC5_DeleteRequest"/>
  <testcase name="TC6_PostReqOnlineAPI" time="1.307" classname="org.testing.testcase.TC6_PostRequestOnlineAPI"/>
  <testcase name="TC7_AllRecords" time="1.104" classname="org.testing.testcase.TC7_GetAllRecordsOnlineAPI"/>
  <testcase name="TC8_GetParticularRecdOnlnAPI" time="1.181" classname="org.testing.testcase.TC8_GetParticularRecordOnlineAPI"/>
  <testcase name="TC9_Updateparticular" time="1.167" classname="org.testing.testcase.TC9_UpdateRecordOnlineAPI"/>
  <testcase name="TC10_DeleteOnlineAPI" time="1.126" classname="org.testing.testcase.TC10_DeleteRequestOnlineAPI"/>
</testsuite> <!-- Test -->
