<?xml version="1.0" encoding="UTF-8"?>
<!-- Generated by org.testng.reporters.JUnitXMLReporter -->
<testsuite hostname="TABLET-336T4SBR" ignored="0" name="Test" tests="10" failures="2" timestamp="2022-10-10T06:35:12 IST" time="7.913" errors="0">
  <testcase name="TC1_PostRequestMethod" time="0.05" classname="org.testing.testcase.TC1_PostRequest">
    <failure type="java.lang.NoClassDefFoundError" message="org/w3c/dom/ElementTraversal">
      <![CDATA[java.lang.NoClassDefFoundError: org/w3c/dom/ElementTraversal
at java.lang.ClassLoader.defineClass1(Native Method)
at java.lang.ClassLoader.defineClass(ClassLoader.java:756)
at java.security.SecureClassLoader.defineClass(SecureClassLoader.java:142)
at java.net.URLClassLoader.defineClass(URLClassLoader.java:473)
at java.net.URLClassLoader.access$100(URLClassLoader.java:74)
at java.net.URLClassLoader$1.run(URLClassLoader.java:369)
at java.net.URLClassLoader$1.run(URLClassLoader.java:363)
at java.security.AccessController.doPrivileged(Native Method)
at java.net.URLClassLoader.findClass(URLClassLoader.java:362)
at java.lang.ClassLoader.loadClass(ClassLoader.java:418)
at sun.misc.Launcher$AppClassLoader.loadClass(Launcher.java:355)
at java.lang.ClassLoader.loadClass(ClassLoader.java:351)
at org.apache.xerces.parsers.AbstractDOMParser.startDocument(Unknown Source)
at org.apache.xerces.impl.dtd.XMLDTDValidator.startDocument(Unknown Source)
at org.apache.xerces.impl.XMLDocumentScannerImpl.startEntity(Unknown Source)
at org.apache.xerces.impl.XMLVersionDetector.startDocumentParsing(Unknown Source)
at org.apache.xerces.parsers.XML11Configuration.parse(Unknown Source)
at org.apache.xerces.parsers.XML11Configuration.parse(Unknown Source)
at org.apache.xerces.parsers.XMLParser.parse(Unknown Source)
at org.apache.xerces.parsers.DOMParser.parse(Unknown Source)
at org.apache.xerces.jaxp.DocumentBuilderImpl.parse(Unknown Source)
at javax.xml.parsers.DocumentBuilder.parse(DocumentBuilder.java:121)
at com.relevantcodes.extentreports.Configuration.getConfigurationMap(Configuration.java:38)
at com.relevantcodes.extentreports.Report.loadConfig(Report.java:474)
at com.relevantcodes.extentreports.Report.<init>(Report.java:611)
at com.relevantcodes.extentreports.ExtentReports.<init>(ExtentReports.java:74)
at com.relevantcodes.extentreports.ExtentReports.<init>(ExtentReports.java:375)
at org.testing.utilities.Reports.ExtentRepro(Reports.java:10)
at org.testing.testcase.TC1_PostRequest.TC1_PostRequestMethod(TC1_PostRequest.java:26)
at java.util.ArrayList.forEach(ArrayList.java:1259)
Caused by: java.lang.ClassNotFoundException: org.w3c.dom.ElementTraversal
at java.net.URLClassLoader.findClass(URLClassLoader.java:387)
at java.lang.ClassLoader.loadClass(ClassLoader.java:418)
at sun.misc.Launcher$AppClassLoader.loadClass(Launcher.java:355)
at java.lang.ClassLoader.loadClass(ClassLoader.java:351)
... 57 more
... Removed 27 stack frames]]>
    </failure>
  </testcase> <!-- TC1_PostRequestMethod -->
  <testcase name="TC2_GetAllRecordsMethod" time="1.858" classname="org.testing.testcase.TC2_GetAllRecordsRequest"/>
  <testcase name="TC3_SingleRecord" time="0.051" classname="org.testing.testcase.TC3_GetSingleRecordRequest"/>
  <testcase name="TC4_UpdatePutRequest" time="0.123" classname="org.testing.testcase.TC4_PutRequest"/>
  <testcase name="TC5_DeleteRecord" time="0.06" classname="org.testing.testcase.TC5_DeleteRequest"/>
  <testcase name="TC6_PostReqOnlineAPI" time="1.226" classname="org.testing.testcase.TC6_PostRequestOnlineAPI"/>
  <testcase name="TC7_AllRecords" time="1.11" classname="org.testing.testcase.TC7_GetAllRecordsOnlineAPI">
    <failure type="org.json.JSONException" message="A JSONObject text must begin with &amp;apos;{&amp;apos; at 1 [character 2 line 1]">
      <![CDATA[org.json.JSONException: A JSONObject text must begin with '{' at 1 [character 2 line 1]
at org.json.JSONTokener.syntaxError(JSONTokener.java:507)
at org.json.JSONObject.<init>(JSONObject.java:222)
at org.json.JSONObject.<init>(JSONObject.java:406)
at org.testing.utilities.JsonParsingUsingOrgJson.JsonParseOnlineAPI(JsonParsingUsingOrgJson.java:31)
at org.testing.testcase.TC7_GetAllRecordsOnlineAPI.TC7_AllRecords(TC7_GetAllRecordsOnlineAPI.java:26)
at java.util.ArrayList.forEach(ArrayList.java:1259)
... Removed 27 stack frames]]>
    </failure>
  </testcase> <!-- TC7_AllRecords -->
  <testcase name="TC8_GetParticularRecdOnlnAPI" time="1.148" classname="org.testing.testcase.TC8_GetParticularRecordOnlineAPI"/>
  <testcase name="TC9_Updateparticular" time="1.07" classname="org.testing.testcase.TC9_UpdateRecordOnlineAPI"/>
  <testcase name="TC10_DeleteOnlineAPI" time="1.14" classname="org.testing.testcase.TC10_DeleteRequestOnlineAPI"/>
</testsuite> <!-- Test -->
